<?xml version="1.0" encoding="UTF-8"?>
<!-- Generated by org.testng.reporters.JUnitXMLReporter -->
<testsuite ignored="0" hostname="DESKTOP-F968BJE" failures="0" tests="5" name="Autocomplete" time="7.735" errors="0" timestamp="2021-12-20T07:12:20 IST">
  <testcase classname="test.Testingbaba_Autocomplete_test" name="@BeforeTest launchurl" time="7.507">
    <failure type="org.openqa.selenium.WebDriverException" message="unknown error: net::ERR_INTERNET_DISCONNECTED
  (Session info: chrome=96.0.4664.110)
Build info: version: &amp;apos;3.141.59&amp;apos;, revision: &amp;apos;e82be7d358&amp;apos;, time: &amp;apos;2018-11-14T08:17:03&amp;apos;
System info: host: &amp;apos;DESKTOP-F968BJE&amp;apos;, ip: &amp;apos;127.0.0.1&amp;apos;, os.name: &amp;apos;Windows 10&amp;apos;, os.arch: &amp;apos;amd64&amp;apos;, os.version: &amp;apos;10.0&amp;apos;, java.version: &amp;apos;11.0.12&amp;apos;
Driver info: org.openqa.selenium.chrome.ChromeDriver
Capabilities {acceptInsecureCerts: false, browserName: chrome, browserVersion: 96.0.4664.110, chrome: {chromedriverVersion: 96.0.4664.45 (76e4c1bb2ab46..., userDataDir: C:\Users\Naresh\AppData\Loc...}, goog:chromeOptions: {debuggerAddress: localhost:49681}, javascriptEnabled: true, networkConnectionEnabled: false, pageLoadStrategy: normal, platform: WINDOWS, platformName: WINDOWS, proxy: Proxy(), setWindowRect: true, strictFileInteractability: false, timeouts: {implicit: 0, pageLoad: 300000, script: 30000}, unhandledPromptBehavior: dismiss and notify, webauthn:extension:credBlob: true, webauthn:extension:largeBlob: true, webauthn:virtualAuthenticators: true}
Session ID: a20aaf06aae7e52bad5fe20321637b61">
      <![CDATA[org.openqa.selenium.WebDriverException: unknown error: net::ERR_INTERNET_DISCONNECTED
  (Session info: chrome=96.0.4664.110)
Build info: version: '3.141.59', revision: 'e82be7d358', time: '2018-11-14T08:17:03'
System info: host: 'DESKTOP-F968BJE', ip: '127.0.0.1', os.name: 'Windows 10', os.arch: 'amd64', os.version: '10.0', java.version: '11.0.12'
Driver info: org.openqa.selenium.chrome.ChromeDriver
Capabilities {acceptInsecureCerts: false, browserName: chrome, browserVersion: 96.0.4664.110, chrome: {chromedriverVersion: 96.0.4664.45 (76e4c1bb2ab46..., userDataDir: C:\Users\Naresh\AppData\Loc...}, goog:chromeOptions: {debuggerAddress: localhost:49681}, javascriptEnabled: true, networkConnectionEnabled: false, pageLoadStrategy: normal, platform: WINDOWS, platformName: WINDOWS, proxy: Proxy(), setWindowRect: true, strictFileInteractability: false, timeouts: {implicit: 0, pageLoad: 300000, script: 30000}, unhandledPromptBehavior: dismiss and notify, webauthn:extension:credBlob: true, webauthn:extension:largeBlob: true, webauthn:virtualAuthenticators: true}
Session ID: a20aaf06aae7e52bad5fe20321637b61
at org.openqa.selenium.remote.http.W3CHttpResponseCodec.createException(W3CHttpResponseCodec.java:187)
at org.openqa.selenium.remote.http.W3CHttpResponseCodec.decode(W3CHttpResponseCodec.java:122)
at org.openqa.selenium.remote.http.W3CHttpResponseCodec.decode(W3CHttpResponseCodec.java:49)
at org.openqa.selenium.remote.HttpCommandExecutor.execute(HttpCommandExecutor.java:158)
at org.openqa.selenium.remote.service.DriverCommandExecutor.execute(DriverCommandExecutor.java:83)
at org.openqa.selenium.remote.RemoteWebDriver.execute(RemoteWebDriver.java:552)
at org.openqa.selenium.remote.RemoteWebDriver.get(RemoteWebDriver.java:277)
at baselibrary.Baselibrary.getlaunch(Baselibrary.java:19)
at test.Testingbaba_Autocomplete_test.launchurl(Testingbaba_Autocomplete_test.java:21)
... Removed 28 stack frames]]>
    </failure>
  </testcase> <!-- @BeforeTest launchurl -->
  <testcase classname="baselibrary.Baselibrary" name="@AfterMethod getresultanalyses" time="-1.63996454035E9">
    <skipped/>
  </testcase> <!-- @AfterMethod getresultanalyses -->
  <testcase classname="baselibrary.Baselibrary" name="@AfterMethod getresultanalyses" time="-1.639964540379E9">
    <skipped/>
  </testcase> <!-- @AfterMethod getresultanalyses -->
  <testcase classname="baselibrary.Baselibrary" name="@AfterMethod getresultanalyses" time="-1.639964540404E9">
    <skipped/>
  </testcase> <!-- @AfterMethod getresultanalyses -->
  <testcase classname="baselibrary.Baselibrary" name="@AfterMethod getresultanalyses" time="-1.639964540418E9">
    <skipped/>
  </testcase> <!-- @AfterMethod getresultanalyses -->
  <testcase classname="baselibrary.Baselibrary" name="@AfterMethod getresultanalyses" time="-1.639964540437E9">
    <skipped/>
  </testcase> <!-- @AfterMethod getresultanalyses -->
  <testcase classname="test.Testingbaba_Autocomplete_test" name="clickonclosebtn" time="0.0">
    <skipped/>
  </testcase> <!-- clickonclosebtn -->
  <testcase classname="test.Testingbaba_Autocomplete_test" name="clickprectice" time="0.0">
    <skipped/>
  </testcase> <!-- clickprectice -->
  <testcase classname="test.Testingbaba_Autocomplete_test" name="clickwidget" time="0.0">
    <skipped/>
  </testcase> <!-- clickwidget -->
  <testcase classname="test.Testingbaba_Autocomplete_test" name="clickautocmplte" time="0.0">
    <skipped/>
  </testcase> <!-- clickautocmplte -->
  <testcase classname="test.Testingbaba_Autocomplete_test" name="clickCountryslect" time="0.0">
    <skipped/>
  </testcase> <!-- clickCountryslect -->
</testsuite> <!-- Autocomplete -->
